2022-02-17 17:43:28 error: TypeError: Cannot create property 'Symbol(level)' on string 'App running at http://localhost:8080'
    at DerivedLogger.log (/usr/src/app/node_modules/winston/lib/winston/logger.js:214:20)
    at Server.<anonymous> (/usr/src/app/index.js:58:12)
    at Object.onceWrapper (node:events:639:28)
    at Server.emit (node:events:520:28)
    at emitListeningNT (node:net:1364:10)
    at processTicksAndRejections (node:internal/process/task_queues:82:21)
2022-02-17 17:45:36 error: TypeError: Cannot create property 'Symbol(level)' on string 'App running at http://localhost:8080'
    at DerivedLogger.log (/usr/src/app/node_modules/winston/lib/winston/logger.js:214:20)
    at Server.<anonymous> (/usr/src/app/index.js:58:12)
    at Object.onceWrapper (node:events:639:28)
    at Server.emit (node:events:520:28)
    at emitListeningNT (node:net:1364:10)
    at processTicksAndRejections (node:internal/process/task_queues:82:21)
2022-02-17 17:45:44 error: TypeError: Cannot create property 'Symbol(level)' on string 'App running at http://localhost:8080'
    at DerivedLogger.log (/usr/src/app/node_modules/winston/lib/winston/logger.js:214:20)
    at Server.<anonymous> (/usr/src/app/index.js:58:12)
    at Object.onceWrapper (node:events:639:28)
    at Server.emit (node:events:520:28)
    at emitListeningNT (node:net:1364:10)
    at processTicksAndRejections (node:internal/process/task_queues:82:21)
2022-02-17 17:48:15 error: TypeError: Cannot create property 'Symbol(level)' on string 'App running at http://localhost:8080'
    at DerivedLogger.log (/usr/src/app/node_modules/winston/lib/winston/logger.js:214:20)
    at Server.<anonymous> (/usr/src/app/index.js:58:12)
    at Object.onceWrapper (node:events:639:28)
    at Server.emit (node:events:520:28)
    at emitListeningNT (node:net:1364:10)
    at processTicksAndRejections (node:internal/process/task_queues:82:21)
2022-02-17 17:53:56 error: TypeError: Cannot create property 'Symbol(level)' on string 'App running at http://localhost:8080'
    at DerivedLogger.log (/usr/src/app/node_modules/winston/lib/winston/logger.js:214:20)
    at Server.<anonymous> (/usr/src/app/index.js:58:12)
    at Object.onceWrapper (node:events:639:28)
    at Server.emit (node:events:520:28)
    at emitListeningNT (node:net:1364:10)
    at processTicksAndRejections (node:internal/process/task_queues:82:21)
2022-02-17 17:57:42 error: 	uncaughtException: Cannot create property 'Symbol(level)' on string 'App running at http://localhost:8080'
TypeError: Cannot create property 'Symbol(level)' on string 'App running at http://localhost:8080'
    at DerivedLogger.log (/usr/src/app/node_modules/winston/lib/winston/logger.js:214:20)
    at Server.<anonymous> (/usr/src/app/index.js:58:12)
    at Object.onceWrapper (node:events:639:28)
    at Server.emit (node:events:520:28)
    at emitListeningNT (node:net:1364:10)
    at processTicksAndRejections (node:internal/process/task_queues:82:21)
2022-02-17 18:05:44 error: TypeError: Cannot create property 'Symbol(level)' on string 'App running at http://localhost:8080'
    at DerivedLogger.log (/usr/src/app/node_modules/winston/lib/winston/logger.js:214:20)
    at Server.<anonymous> (/usr/src/app/index.js:58:12)
    at Object.onceWrapper (node:events:639:28)
    at Server.emit (node:events:520:28)
    at emitListeningNT (node:net:1364:10)
    at processTicksAndRejections (node:internal/process/task_queues:82:21)
2022-02-17 18:07:20 error: 	uncaughtException: Cannot create property 'Symbol(level)' on string 'App running at http://localhost:8080'
TypeError: Cannot create property 'Symbol(level)' on string 'App running at http://localhost:8080'
    at DerivedLogger.log (/usr/src/app/node_modules/winston/lib/winston/logger.js:214:20)
    at Server.<anonymous> (/usr/src/app/index.js:58:12)
    at Object.onceWrapper (node:events:639:28)
    at Server.emit (node:events:520:28)
    at emitListeningNT (node:net:1364:10)
    at processTicksAndRejections (node:internal/process/task_queues:82:21)
2022-02-17 18:10:30 error: TypeError: Cannot create property 'Symbol(level)' on string 'App running at http://localhost:8080'
    at DerivedLogger.log (/usr/src/app/node_modules/winston/lib/winston/logger.js:214:20)
    at Server.<anonymous> (/usr/src/app/index.js:58:12)
    at Object.onceWrapper (node:events:639:28)
    at Server.emit (node:events:520:28)
    at emitListeningNT (node:net:1364:10)
    at processTicksAndRejections (node:internal/process/task_queues:82:21)
2022-02-17 18:15:46 error: TypeError: Cannot create property 'Symbol(level)' on string 'App running at http://localhost:8080'
    at DerivedLogger.log (/usr/src/app/node_modules/winston/lib/winston/logger.js:214:20)
    at Server.<anonymous> (/usr/src/app/index.js:58:12)
    at Object.onceWrapper (node:events:639:28)
    at Server.emit (node:events:520:28)
    at emitListeningNT (node:net:1364:10)
    at processTicksAndRejections (node:internal/process/task_queues:82:21)
2022-02-17 18:16:20 error: TypeError: Cannot create property 'Symbol(level)' on string 'App running at http://localhost:8080'
    at DerivedLogger.log (/usr/src/app/node_modules/winston/lib/winston/logger.js:214:20)
    at Server.<anonymous> (/usr/src/app/index.js:58:12)
    at Object.onceWrapper (node:events:639:28)
    at Server.emit (node:events:520:28)
    at emitListeningNT (node:net:1364:10)
    at processTicksAndRejections (node:internal/process/task_queues:82:21)
2022-02-17 18:16:55 error: TypeError: Cannot create property 'Symbol(level)' on string 'App running at http://localhost:8080'
    at DerivedLogger.log (/usr/src/app/node_modules/winston/lib/winston/logger.js:214:20)
    at Server.<anonymous> (/usr/src/app/index.js:58:12)
    at Object.onceWrapper (node:events:639:28)
    at Server.emit (node:events:520:28)
    at emitListeningNT (node:net:1364:10)
    at processTicksAndRejections (node:internal/process/task_queues:82:21)
2022-02-17 18:17:07 error: TypeError: Cannot create property 'Symbol(level)' on string 'App running at http://localhost:8080'
    at DerivedLogger.log (/usr/src/app/node_modules/winston/lib/winston/logger.js:214:20)
    at Server.<anonymous> (/usr/src/app/index.js:58:12)
    at Object.onceWrapper (node:events:639:28)
    at Server.emit (node:events:520:28)
    at emitListeningNT (node:net:1364:10)
    at processTicksAndRejections (node:internal/process/task_queues:82:21)
2022-02-17 18:22:04 error: TypeError: Cannot create property 'Symbol(level)' on string 'App running at http://localhost:8080'
    at DerivedLogger.log (/usr/src/app/node_modules/winston/lib/winston/logger.js:214:20)
    at Server.<anonymous> (/usr/src/app/index.js:58:12)
    at Object.onceWrapper (node:events:639:28)
    at Server.emit (node:events:520:28)
    at emitListeningNT (node:net:1364:10)
    at processTicksAndRejections (node:internal/process/task_queues:82:21)
2022-02-17 18:24:36 error: TypeError: Cannot create property 'Symbol(level)' on string 'App running at http://localhost:8080'
    at DerivedLogger.log (/usr/src/app/node_modules/winston/lib/winston/logger.js:214:20)
    at Server.<anonymous> (/usr/src/app/index.js:58:12)
    at Object.onceWrapper (node:events:639:28)
    at Server.emit (node:events:520:28)
    at emitListeningNT (node:net:1364:10)
    at processTicksAndRejections (node:internal/process/task_queues:82:21)
2022-02-17 18:26:32 error: 	uncaughtException: Cannot create property 'Symbol(level)' on string 'App running at http://localhost:8080'
TypeError: Cannot create property 'Symbol(level)' on string 'App running at http://localhost:8080'
    at DerivedLogger.log (/usr/src/app/node_modules/winston/lib/winston/logger.js:214:20)
    at Server.<anonymous> (/usr/src/app/index.js:58:12)
    at Object.onceWrapper (node:events:639:28)
    at Server.emit (node:events:520:28)
    at emitListeningNT (node:net:1364:10)
    at processTicksAndRejections (node:internal/process/task_queues:82:21)
